[18:49:32] [Server thread/INFO]: Starting minecraft server version 1.12.2
[18:49:32] [Server thread/INFO]: Loading properties
[18:49:32] [Server console handler/ERROR]: Exception handling console input
java.io.IOException: Handlen er ikke gyldig
	at java.io.FileInputStream.readBytes(Native Method) ~[?:1.8.0_172]
	at java.io.FileInputStream.read(Unknown Source) ~[?:1.8.0_172]
	at java.io.BufferedInputStream.fill(Unknown Source) ~[?:1.8.0_172]
	at java.io.BufferedInputStream.read(Unknown Source) ~[?:1.8.0_172]
	at org.bukkit.craftbukkit.libs.jline.internal.NonBlockingInputStream.read(NonBlockingInputStream.java:248) ~[server.jar:git-Spigot-3d850ec-809c399]
	at org.bukkit.craftbukkit.libs.jline.internal.InputStreamReader.read(InputStreamReader.java:261) ~[server.jar:git-Spigot-3d850ec-809c399]
	at org.bukkit.craftbukkit.libs.jline.internal.InputStreamReader.read(InputStreamReader.java:198) ~[server.jar:git-Spigot-3d850ec-809c399]
	at org.bukkit.craftbukkit.libs.jline.console.ConsoleReader.readCharacter(ConsoleReader.java:2145) ~[server.jar:git-Spigot-3d850ec-809c399]
	at org.bukkit.craftbukkit.libs.jline.console.ConsoleReader.readLineSimple(ConsoleReader.java:3183) ~[server.jar:git-Spigot-3d850ec-809c399]
	at org.bukkit.craftbukkit.libs.jline.console.ConsoleReader.readLine(ConsoleReader.java:2333) ~[server.jar:git-Spigot-3d850ec-809c399]
	at org.bukkit.craftbukkit.libs.jline.console.ConsoleReader.readLine(ConsoleReader.java:2269) ~[server.jar:git-Spigot-3d850ec-809c399]
	at org.bukkit.craftbukkit.libs.jline.console.ConsoleReader.readLine(ConsoleReader.java:2257) ~[server.jar:git-Spigot-3d850ec-809c399]
	at net.minecraft.server.v1_12_R1.DedicatedServer$2.run(DedicatedServer.java:87) [server.jar:git-Spigot-3d850ec-809c399]
[18:49:32] [Server thread/INFO]: Default game type: SURVIVAL
[18:49:32] [Server thread/INFO]: This server is running CraftBukkit version git-Spigot-3d850ec-809c399 (MC: 1.12.2) (Implementing API version 1.12.2-R0.1-SNAPSHOT)
[18:49:32] [Server thread/INFO]: Debug logging is disabled
[18:49:32] [Server thread/INFO]: Server Ping Player Sample Count: 12
[18:49:32] [Server thread/INFO]: Using 4 threads for Netty based IO
[18:49:33] [Server thread/INFO]: Generating keypair
[18:49:33] [Server thread/INFO]: Starting Minecraft server on *:25565
[18:49:33] [Server thread/INFO]: Using default channel type
[18:49:33] [Server thread/INFO]: **** Beginning UUID conversion, this may take A LONG time ****
[18:49:33] [Server thread/INFO]: Preparing level "world"
[18:49:33] [Server thread/INFO]: -------- World Settings For [world] --------
[18:49:33] [Server thread/INFO]: Item Merge Radius: 2.5
[18:49:33] [Server thread/INFO]: Item Despawn Rate: 6000
[18:49:33] [Server thread/INFO]: Arrow Despawn Rate: 1200
[18:49:33] [Server thread/INFO]: View Distance: 10
[18:49:33] [Server thread/INFO]: Allow Zombie Pigmen to spawn from portal blocks: true
[18:49:33] [Server thread/INFO]: Zombie Aggressive Towards Villager: true
[18:49:33] [Server thread/INFO]: Experience Merge Radius: 3.0
[18:49:33] [Server thread/INFO]: Nerfing mobs spawned from spawners: false
[18:49:33] [Server thread/INFO]: Mob Spawn Range: 4
[18:49:33] [Server thread/INFO]: Cactus Growth Modifier: 100%
[18:49:33] [Server thread/INFO]: Cane Growth Modifier: 100%
[18:49:33] [Server thread/INFO]: Melon Growth Modifier: 100%
[18:49:33] [Server thread/INFO]: Mushroom Growth Modifier: 100%
[18:49:33] [Server thread/INFO]: Pumpkin Growth Modifier: 100%
[18:49:33] [Server thread/INFO]: Sapling Growth Modifier: 100%
[18:49:33] [Server thread/INFO]: Wheat Growth Modifier: 100%
[18:49:33] [Server thread/INFO]: NetherWart Growth Modifier: 100%
[18:49:33] [Server thread/INFO]: Vine Growth Modifier: 100%
[18:49:33] [Server thread/INFO]: Cocoa Growth Modifier: 100%
[18:49:33] [Server thread/INFO]: Hopper Transfer: 8 Hopper Check: 1 Hopper Amount: 1
[18:49:33] [Server thread/INFO]: Structure Info Saving: true
[18:49:33] [Server thread/INFO]: Max TNT Explosions: 100
[18:49:33] [Server thread/INFO]: Random Lighting Updates: false
[18:49:33] [Server thread/INFO]: Tile Max Tick Time: 50ms Entity max Tick Time: 50ms
[18:49:33] [Server thread/INFO]: Entity Tracking Range: Pl 48 / An 48 / Mo 48 / Mi 32 / Other 64
[18:49:33] [Server thread/INFO]: Entity Activation Range: An 32 / Mo 32 / Mi 16
[18:49:33] [Server thread/INFO]: Custom Map Seeds:  Village: 10387312 Feature: 14357617 Monument: 10387313 Slime: 987234911
[18:49:34] [Server thread/INFO]: -------- World Settings For [world_nether] --------
[18:49:34] [Server thread/INFO]: Item Merge Radius: 2.5
[18:49:34] [Server thread/INFO]: Item Despawn Rate: 6000
[18:49:34] [Server thread/INFO]: Arrow Despawn Rate: 1200
[18:49:34] [Server thread/INFO]: View Distance: 10
[18:49:34] [Server thread/INFO]: Allow Zombie Pigmen to spawn from portal blocks: true
[18:49:34] [Server thread/INFO]: Zombie Aggressive Towards Villager: true
[18:49:34] [Server thread/INFO]: Experience Merge Radius: 3.0
[18:49:34] [Server thread/INFO]: Nerfing mobs spawned from spawners: false
[18:49:34] [Server thread/INFO]: Mob Spawn Range: 4
[18:49:34] [Server thread/INFO]: Cactus Growth Modifier: 100%
[18:49:34] [Server thread/INFO]: Cane Growth Modifier: 100%
[18:49:34] [Server thread/INFO]: Melon Growth Modifier: 100%
[18:49:34] [Server thread/INFO]: Mushroom Growth Modifier: 100%
[18:49:34] [Server thread/INFO]: Pumpkin Growth Modifier: 100%
[18:49:34] [Server thread/INFO]: Sapling Growth Modifier: 100%
[18:49:34] [Server thread/INFO]: Wheat Growth Modifier: 100%
[18:49:34] [Server thread/INFO]: NetherWart Growth Modifier: 100%
[18:49:34] [Server thread/INFO]: Vine Growth Modifier: 100%
[18:49:34] [Server thread/INFO]: Cocoa Growth Modifier: 100%
[18:49:34] [Server thread/INFO]: Hopper Transfer: 8 Hopper Check: 1 Hopper Amount: 1
[18:49:34] [Server thread/INFO]: Structure Info Saving: true
[18:49:34] [Server thread/INFO]: Max TNT Explosions: 100
[18:49:34] [Server thread/INFO]: Random Lighting Updates: false
[18:49:34] [Server thread/INFO]: Tile Max Tick Time: 50ms Entity max Tick Time: 50ms
[18:49:34] [Server thread/INFO]: Entity Tracking Range: Pl 48 / An 48 / Mo 48 / Mi 32 / Other 64
[18:49:34] [Server thread/INFO]: Entity Activation Range: An 32 / Mo 32 / Mi 16
[18:49:34] [Server thread/INFO]: Custom Map Seeds:  Village: 10387312 Feature: 14357617 Monument: 10387313 Slime: 987234911
[18:49:34] [Server thread/INFO]: -------- World Settings For [world_the_end] --------
[18:49:34] [Server thread/INFO]: Item Merge Radius: 2.5
[18:49:34] [Server thread/INFO]: Item Despawn Rate: 6000
[18:49:34] [Server thread/INFO]: Arrow Despawn Rate: 1200
[18:49:34] [Server thread/INFO]: View Distance: 10
[18:49:34] [Server thread/INFO]: Allow Zombie Pigmen to spawn from portal blocks: true
[18:49:34] [Server thread/INFO]: Zombie Aggressive Towards Villager: true
[18:49:34] [Server thread/INFO]: Experience Merge Radius: 3.0
[18:49:34] [Server thread/INFO]: Nerfing mobs spawned from spawners: false
[18:49:34] [Server thread/INFO]: Mob Spawn Range: 4
[18:49:34] [Server thread/INFO]: Cactus Growth Modifier: 100%
[18:49:34] [Server thread/INFO]: Cane Growth Modifier: 100%
[18:49:34] [Server thread/INFO]: Melon Growth Modifier: 100%
[18:49:34] [Server thread/INFO]: Mushroom Growth Modifier: 100%
[18:49:34] [Server thread/INFO]: Pumpkin Growth Modifier: 100%
[18:49:34] [Server thread/INFO]: Sapling Growth Modifier: 100%
[18:49:34] [Server thread/INFO]: Wheat Growth Modifier: 100%
[18:49:34] [Server thread/INFO]: NetherWart Growth Modifier: 100%
[18:49:34] [Server thread/INFO]: Vine Growth Modifier: 100%
[18:49:34] [Server thread/INFO]: Cocoa Growth Modifier: 100%
[18:49:34] [Server thread/INFO]: Hopper Transfer: 8 Hopper Check: 1 Hopper Amount: 1
[18:49:34] [Server thread/INFO]: Structure Info Saving: true
[18:49:34] [Server thread/INFO]: Max TNT Explosions: 100
[18:49:34] [Server thread/INFO]: Random Lighting Updates: false
[18:49:34] [Server thread/INFO]: Tile Max Tick Time: 50ms Entity max Tick Time: 50ms
[18:49:34] [Server thread/INFO]: Entity Tracking Range: Pl 48 / An 48 / Mo 48 / Mi 32 / Other 64
[18:49:34] [Server thread/INFO]: Entity Activation Range: An 32 / Mo 32 / Mi 16
[18:49:34] [Server thread/INFO]: Custom Map Seeds:  Village: 10387312 Feature: 14357617 Monument: 10387313 Slime: 987234911
[18:49:34] [Server thread/INFO]: Preparing start region for level 0 (Seed: 4425880815874020319)
[18:49:35] [Server thread/INFO]: Preparing spawn area: 8%
[18:49:36] [Server thread/INFO]: Preparing spawn area: 22%
[18:49:37] [Server thread/INFO]: Preparing spawn area: 37%
[18:49:39] [Server thread/INFO]: Preparing spawn area: 49%
[18:49:40] [Server thread/INFO]: Preparing spawn area: 63%
[18:49:41] [Server thread/INFO]: Preparing spawn area: 81%
[18:49:42] [Server thread/INFO]: Preparing spawn area: 99%
[18:49:42] [Server thread/INFO]: Preparing start region for level 1 (Seed: 4425880815874020319)
[18:49:43] [Server thread/INFO]: Preparing spawn area: 11%
[18:49:44] [Server thread/INFO]: Preparing spawn area: 21%
[18:49:45] [Server thread/INFO]: Preparing spawn area: 36%
[18:49:46] [Server thread/INFO]: Preparing spawn area: 51%
[18:49:47] [Server thread/INFO]: Preparing spawn area: 72%
[18:49:48] [Server thread/INFO]: Preparing spawn area: 92%
[18:49:48] [Server thread/INFO]: Preparing start region for level 2 (Seed: 4425880815874020319)
[18:49:49] [Server thread/INFO]: Preparing spawn area: 48%
[18:49:50] [Server thread/INFO]: Done (16,864s)! For help, type "help" or "?"
