[18:59:39] [Server thread/INFO]: Starting minecraft server version 1.12.2
[18:59:39] [Server thread/INFO]: Loading properties
[18:59:39] [Server thread/INFO]: Default game type: SURVIVAL
[18:59:39] [Server thread/INFO]: This server is running CraftBukkit version git-Spigot-3d850ec-809c399 (MC: 1.12.2) (Implementing API version 1.12.2-R0.1-SNAPSHOT)
[18:59:39] [Server thread/INFO]: Debug logging is disabled
[18:59:39] [Server thread/INFO]: Using 4 threads for Netty based IO
[18:59:39] [Server thread/INFO]: Server Ping Player Sample Count: 12
[18:59:39] [Server thread/INFO]: Generating keypair
[18:59:39] [Server thread/INFO]: Starting Minecraft server on *:25565
[18:59:39] [Server thread/INFO]: Using default channel type
[18:59:39] [Server thread/INFO]: Set PluginClassLoader as parallel capable
[18:59:39] [Server thread/INFO]: [GadgetWrench] Loading GadgetWrench v1.0
[18:59:39] [Server thread/INFO]: **** Beginning UUID conversion, this may take A LONG time ****
[18:59:39] [Server thread/INFO]: Preparing level "world"
[18:59:39] [Server thread/INFO]: -------- World Settings For [world] --------
[18:59:39] [Server thread/INFO]: Arrow Despawn Rate: 1200
[18:59:39] [Server thread/INFO]: View Distance: 10
[18:59:39] [Server thread/INFO]: Item Merge Radius: 2.5
[18:59:39] [Server thread/INFO]: Item Despawn Rate: 6000
[18:59:39] [Server thread/INFO]: Nerfing mobs spawned from spawners: false
[18:59:39] [Server thread/INFO]: Experience Merge Radius: 3.0
[18:59:39] [Server thread/INFO]: Zombie Aggressive Towards Villager: true
[18:59:39] [Server thread/INFO]: Allow Zombie Pigmen to spawn from portal blocks: true
[18:59:39] [Server thread/INFO]: Mob Spawn Range: 4
[18:59:39] [Server thread/INFO]: Cactus Growth Modifier: 100%
[18:59:39] [Server thread/INFO]: Cane Growth Modifier: 100%
[18:59:39] [Server thread/INFO]: Melon Growth Modifier: 100%
[18:59:39] [Server thread/INFO]: Mushroom Growth Modifier: 100%
[18:59:39] [Server thread/INFO]: Pumpkin Growth Modifier: 100%
[18:59:39] [Server thread/INFO]: Sapling Growth Modifier: 100%
[18:59:39] [Server thread/INFO]: Wheat Growth Modifier: 100%
[18:59:39] [Server thread/INFO]: NetherWart Growth Modifier: 100%
[18:59:39] [Server thread/INFO]: Vine Growth Modifier: 100%
[18:59:39] [Server thread/INFO]: Cocoa Growth Modifier: 100%
[18:59:39] [Server thread/INFO]: Tile Max Tick Time: 50ms Entity max Tick Time: 50ms
[18:59:39] [Server thread/INFO]: Entity Tracking Range: Pl 48 / An 48 / Mo 48 / Mi 32 / Other 64
[18:59:39] [Server thread/INFO]: Max TNT Explosions: 100
[18:59:39] [Server thread/INFO]: Hopper Transfer: 8 Hopper Check: 1 Hopper Amount: 1
[18:59:39] [Server thread/INFO]: Random Lighting Updates: false
[18:59:39] [Server thread/INFO]: Entity Activation Range: An 32 / Mo 32 / Mi 16
[18:59:39] [Server thread/INFO]: Structure Info Saving: true
[18:59:39] [Server thread/INFO]: Custom Map Seeds:  Village: 10387312 Feature: 14357617 Monument: 10387313 Slime: 987234911
[18:59:40] [Server thread/INFO]: -------- World Settings For [world_nether] --------
[18:59:40] [Server thread/INFO]: Arrow Despawn Rate: 1200
[18:59:40] [Server thread/INFO]: View Distance: 10
[18:59:40] [Server thread/INFO]: Item Merge Radius: 2.5
[18:59:40] [Server thread/INFO]: Item Despawn Rate: 6000
[18:59:40] [Server thread/INFO]: Nerfing mobs spawned from spawners: false
[18:59:40] [Server thread/INFO]: Experience Merge Radius: 3.0
[18:59:40] [Server thread/INFO]: Zombie Aggressive Towards Villager: true
[18:59:40] [Server thread/INFO]: Allow Zombie Pigmen to spawn from portal blocks: true
[18:59:40] [Server thread/INFO]: Mob Spawn Range: 4
[18:59:40] [Server thread/INFO]: Cactus Growth Modifier: 100%
[18:59:40] [Server thread/INFO]: Cane Growth Modifier: 100%
[18:59:40] [Server thread/INFO]: Melon Growth Modifier: 100%
[18:59:40] [Server thread/INFO]: Mushroom Growth Modifier: 100%
[18:59:40] [Server thread/INFO]: Pumpkin Growth Modifier: 100%
[18:59:40] [Server thread/INFO]: Sapling Growth Modifier: 100%
[18:59:40] [Server thread/INFO]: Wheat Growth Modifier: 100%
[18:59:40] [Server thread/INFO]: NetherWart Growth Modifier: 100%
[18:59:40] [Server thread/INFO]: Vine Growth Modifier: 100%
[18:59:40] [Server thread/INFO]: Cocoa Growth Modifier: 100%
[18:59:40] [Server thread/INFO]: Tile Max Tick Time: 50ms Entity max Tick Time: 50ms
[18:59:40] [Server thread/INFO]: Entity Tracking Range: Pl 48 / An 48 / Mo 48 / Mi 32 / Other 64
[18:59:40] [Server thread/INFO]: Max TNT Explosions: 100
[18:59:40] [Server thread/INFO]: Hopper Transfer: 8 Hopper Check: 1 Hopper Amount: 1
[18:59:40] [Server thread/INFO]: Random Lighting Updates: false
[18:59:40] [Server thread/INFO]: Entity Activation Range: An 32 / Mo 32 / Mi 16
[18:59:40] [Server thread/INFO]: Structure Info Saving: true
[18:59:40] [Server thread/INFO]: Custom Map Seeds:  Village: 10387312 Feature: 14357617 Monument: 10387313 Slime: 987234911
[18:59:40] [Server thread/INFO]: -------- World Settings For [world_the_end] --------
[18:59:40] [Server thread/INFO]: Arrow Despawn Rate: 1200
[18:59:40] [Server thread/INFO]: View Distance: 10
[18:59:40] [Server thread/INFO]: Item Merge Radius: 2.5
[18:59:40] [Server thread/INFO]: Item Despawn Rate: 6000
[18:59:40] [Server thread/INFO]: Nerfing mobs spawned from spawners: false
[18:59:40] [Server thread/INFO]: Experience Merge Radius: 3.0
[18:59:40] [Server thread/INFO]: Zombie Aggressive Towards Villager: true
[18:59:40] [Server thread/INFO]: Allow Zombie Pigmen to spawn from portal blocks: true
[18:59:40] [Server thread/INFO]: Mob Spawn Range: 4
[18:59:40] [Server thread/INFO]: Cactus Growth Modifier: 100%
[18:59:40] [Server thread/INFO]: Cane Growth Modifier: 100%
[18:59:40] [Server thread/INFO]: Melon Growth Modifier: 100%
[18:59:40] [Server thread/INFO]: Mushroom Growth Modifier: 100%
[18:59:40] [Server thread/INFO]: Pumpkin Growth Modifier: 100%
[18:59:40] [Server thread/INFO]: Sapling Growth Modifier: 100%
[18:59:40] [Server thread/INFO]: Wheat Growth Modifier: 100%
[18:59:40] [Server thread/INFO]: NetherWart Growth Modifier: 100%
[18:59:40] [Server thread/INFO]: Vine Growth Modifier: 100%
[18:59:40] [Server thread/INFO]: Cocoa Growth Modifier: 100%
[18:59:40] [Server thread/INFO]: Tile Max Tick Time: 50ms Entity max Tick Time: 50ms
[18:59:40] [Server thread/INFO]: Entity Tracking Range: Pl 48 / An 48 / Mo 48 / Mi 32 / Other 64
[18:59:40] [Server thread/INFO]: Max TNT Explosions: 100
[18:59:40] [Server thread/INFO]: Hopper Transfer: 8 Hopper Check: 1 Hopper Amount: 1
[18:59:40] [Server thread/INFO]: Random Lighting Updates: false
[18:59:40] [Server thread/INFO]: Entity Activation Range: An 32 / Mo 32 / Mi 16
[18:59:40] [Server thread/INFO]: Structure Info Saving: true
[18:59:40] [Server thread/INFO]: Custom Map Seeds:  Village: 10387312 Feature: 14357617 Monument: 10387313 Slime: 987234911
[18:59:40] [Server thread/INFO]: Preparing start region for level 0 (Seed: -811156231166884285)
[18:59:41] [Server thread/INFO]: Preparing spawn area: 10%
[18:59:42] [Server thread/INFO]: Preparing spawn area: 29%
[18:59:43] [Server thread/INFO]: Preparing spawn area: 42%
[18:59:44] [Server thread/INFO]: Preparing spawn area: 55%
[18:59:45] [Server thread/INFO]: Preparing spawn area: 67%
[18:59:46] [Server thread/INFO]: Preparing spawn area: 88%
[18:59:47] [Server thread/INFO]: Preparing start region for level 1 (Seed: -811156231166884285)
[18:59:48] [Server thread/INFO]: Preparing start region for level 2 (Seed: -811156231166884285)
[18:59:48] [Server thread/INFO]: [GadgetWrench] Enabling GadgetWrench v1.0
[18:59:48] [Server thread/INFO]: Server permissions file permissions.yml is empty, ignoring it
[18:59:48] [Server thread/INFO]: Done (8,662s)! For help, type "help" or "?"
[19:00:36] [User Authenticator #1/INFO]: UUID of player CommandDan is 14ca1bc2-a1ea-42dc-81da-53c439b13db2
[19:00:36] [Server thread/INFO]: CommandDan[/127.0.0.1:50059] logged in with entity id 1242 at ([world]-29.5, 66.0, -66.5)
[19:00:49] [Server thread/INFO]: Opped CommandDan
[19:00:53] [Server thread/INFO]: Opped kearster
[19:02:55] [Server thread/INFO]: CommandDan issued server command: /gamemode 1
[19:02:55] [Server thread/INFO]: [CommandDan: Set own game mode to Creative Mode]
[19:03:00] [Server thread/INFO]: CommandDan lost connection: Disconnected
[19:03:00] [Server thread/INFO]: CommandDan left the game
[19:03:09] [Server thread/INFO]: Stopping the server
[19:03:09] [Server thread/INFO]: Stopping server
[19:03:09] [Server thread/INFO]: [GadgetWrench] Disabling GadgetWrench v1.0
[19:03:09] [Server thread/INFO]: Saving players
[19:03:09] [Server thread/INFO]: Saving worlds
[19:03:09] [Server thread/INFO]: Saving chunks for level 'world'/overworld
[19:03:10] [Server thread/INFO]: Saving chunks for level 'world_nether'/the_nether
[19:03:10] [Server thread/INFO]: Saving chunks for level 'world_the_end'/the_end
